# JRE version: OpenJDK Runtime Environment 18.9 (11.0.12+7) (build 11.0.12+7-LTS)
# Java VM: OpenJDK 64-Bit Server VM 18.9 (11.0.12+7-LTS, mixed mode, sharing, tiered, compressed oops, serial gc, linux-amd64)
Heap:
 def new generation   total 36672K, used 32490K [0x00000000e0000000, 0x00000000e27c0000, 0x00000000eaaa0000)
  eden space 32640K,  89% used [0x00000000e0000000, 0x00000000e1ca7fa8, 0x00000000e1fe0000)
  from space 4032K,  78% used [0x00000000e23d0000, 0x00000000e26e2910, 0x00000000e27c0000)
  to   space 4032K,   0% used [0x00000000e1fe0000, 0x00000000e1fe0000, 0x00000000e23d0000)
 tenured generation   total 81276K, used 53806K [0x00000000eaaa0000, 0x00000000ef9ff000, 0x0000000100000000)
   the space 81276K,  66% used [0x00000000eaaa0000, 0x00000000edf2ba30, 0x00000000edf2bc00, 0x00000000ef9ff000)
 Metaspace       used 98786K, capacity 101603K, committed 101780K, reserved 1136640K
  class space    used 13170K, capacity 14300K, committed 14336K, reserved 1048576K
GC Heap History (20 events):
Event: 21.068 GC heap before
{Heap before GC invocations=81 (full 5):
 def new generation   total 36288K, used 32256K [0x00000000e0000000, 0x00000000e2760000, 0x00000000eaaa0000)
  eden space 32256K, 100% used [0x00000000e0000000, 0x00000000e1f80000, 0x00000000e1f80000)
  from space 4032K,   0% used [0x00000000e1f80000, 0x00000000e1f80000, 0x00000000e2370000)
  to   space 4032K,   0% used [0x00000000e2370000, 0x00000000e2370000, 0x00000000e2760000)
 tenured generation   total 80500K, used 48297K [0x00000000eaaa0000, 0x00000000ef93d000, 0x0000000100000000)
   the space 80500K,  59% used [0x00000000eaaa0000, 0x00000000ed9ca678, 0x00000000ed9ca800, 0x00000000ef93d000)
 Metaspace       used 83733K, capacity 86004K, committed 86164K, reserved 1124352K
  class space    used 11133K, capacity 12010K, committed 12032K, reserved 1048576K
}
Event: 21.121 GC heap after
{Heap after GC invocations=82 (full 5):
 def new generation   total 36288K, used 4032K [0x00000000e0000000, 0x00000000e2760000, 0x00000000eaaa0000)
  eden space 32256K,   0% used [0x00000000e0000000, 0x00000000e0000000, 0x00000000e1f80000)
  from space 4032K, 100% used [0x00000000e2370000, 0x00000000e2760000, 0x00000000e2760000)
  to   space 4032K,   0% used [0x00000000e1f80000, 0x00000000e1f80000, 0x00000000e2370000)
 tenured generation   total 80500K, used 53125K [0x00000000eaaa0000, 0x00000000ef93d000, 0x0000000100000000)
   the space 80500K,  65% used [0x00000000eaaa0000, 0x00000000ede81550, 0x00000000ede81600, 0x00000000ef93d000)
 Metaspace       used 83733K, capacity 86004K, committed 86164K, reserved 1124352K
  class space    used 11133K, capacity 12010K, committed 12032K, reserved 1048576K
}
Event: 21.437 GC heap before
{Heap before GC invocations=82 (full 5):
 def new generation   total 36288K, used 36288K [0x00000000e0000000, 0x00000000e2760000, 0x00000000eaaa0000)
  eden space 32256K, 100% used [0x00000000e0000000, 0x00000000e1f80000, 0x00000000e1f80000)
  from space 4032K, 100% used [0x00000000e2370000, 0x00000000e2760000, 0x00000000e2760000)
  to   space 4032K,   0% used [0x00000000e1f80000, 0x00000000e1f80000, 0x00000000e2370000)
 tenured generation   total 80500K, used 53125K [0x00000000eaaa0000, 0x00000000ef93d000, 0x0000000100000000)
   the space 80500K,  65% used [0x00000000eaaa0000, 0x00000000ede81550, 0x00000000ede81600, 0x00000000ef93d000)
 Metaspace       used 83790K, capacity 86015K, committed 86164K, reserved 1124352K
  class space    used 11143K, capacity 12013K, committed 12032K, reserved 1048576K
}
Event: 21.465 GC heap after
{Heap after GC invocations=83 (full 5):
 def new generation   total 36288K, used 4031K [0x00000000e0000000, 0x00000000e2760000, 0x00000000eaaa0000)
  eden space 32256K,   0% used [0x00000000e0000000, 0x00000000e0000000, 0x00000000e1f80000)
  from space 4032K,  99% used [0x00000000e1f80000, 0x00000000e236fff8, 0x00000000e2370000)
  to   space 4032K,   0% used [0x00000000e2370000, 0x00000000e2370000, 0x00000000e2760000)
 tenured generation   total 80500K, used 61843K [0x00000000eaaa0000, 0x00000000ef93d000, 0x0000000100000000)
   the space 80500K,  76% used [0x00000000eaaa0000, 0x00000000ee704fe0, 0x00000000ee705000, 0x00000000ef93d000)
 Metaspace       used 83790K, capacity 86015K, committed 86164K, reserved 1124352K
  class space    used 11143K, capacity 12013K, committed 12032K, reserved 1048576K
}
Event: 21.563 GC heap before
{Heap before GC invocations=83 (full 5):
 def new generation   total 36288K, used 36287K [0x00000000e0000000, 0x00000000e2760000, 0x00000000eaaa0000)
  eden space 32256K, 100% used [0x00000000e0000000, 0x00000000e1f80000, 0x00000000e1f80000)
  from space 4032K,  99% used [0x00000000e1f80000, 0x00000000e236fff8, 0x00000000e2370000)
  to   space 4032K,   0% used [0x00000000e2370000, 0x00000000e2370000, 0x00000000e2760000)
 tenured generation   total 80500K, used 61843K [0x00000000eaaa0000, 0x00000000ef93d000, 0x0000000100000000)
   the space 80500K,  76% used [0x00000000eaaa0000, 0x00000000ee704fe0, 0x00000000ee705000, 0x00000000ef93d000)
 Metaspace       used 83796K, capacity 86015K, committed 86164K, reserved 1124352K
  class space    used 11143K, capacity 12013K, committed 12032K, reserved 1048576K
}
Event: 21.597 GC heap after
{Heap after GC invocations=84 (full 5):
 def new generation   total 36288K, used 4032K [0x00000000e0000000, 0x00000000e2760000, 0x00000000eaaa0000)
  eden space 32256K,   0% used [0x00000000e0000000, 0x00000000e0000000, 0x00000000e1f80000)
  from space 4032K, 100% used [0x00000000e2370000, 0x00000000e2760000, 0x00000000e2760000)
  to   space 4032K,   0% used [0x00000000e1f80000, 0x00000000e1f80000, 0x00000000e2370000)
 tenured generation   total 80500K, used 68697K [0x00000000eaaa0000, 0x00000000ef93d000, 0x0000000100000000)
   the space 80500K,  85% used [0x00000000eaaa0000, 0x00000000eedb66c0, 0x00000000eedb6800, 0x00000000ef93d000)
 Metaspace       used 83796K, capacity 86015K, committed 86164K, reserved 1124352K
  class space    used 11143K, capacity 12013K, committed 12032K, reserved 1048576K
}
Event: 21.884 GC heap before
{Heap before GC invocations=84 (full 5):
 def new generation   total 36288K, used 36288K [0x00000000e0000000, 0x00000000e2760000, 0x00000000eaaa0000)
  eden space 32256K, 100% used [0x00000000e0000000, 0x00000000e1f80000, 0x00000000e1f80000)
  from space 4032K, 100% used [0x00000000e2370000, 0x00000000e2760000, 0x00000000e2760000)
  to   space 4032K,   0% used [0x00000000e1f80000, 0x00000000e1f80000, 0x00000000e2370000)
 tenured generation   total 80500K, used 68697K [0x00000000eaaa0000, 0x00000000ef93d000, 0x0000000100000000)
   the space 80500K,  85% used [0x00000000eaaa0000, 0x00000000eedb66c0, 0x00000000eedb6800, 0x00000000ef93d000)
 Metaspace       used 83957K, capacity 86283K, committed 86548K, reserved 1124352K
  class space    used 11180K, capacity 12061K, committed 12160K, reserved 1048576K
}
Event: 21.945 GC heap after
{Heap after GC invocations=85 (full 5):
 def new generation   total 36288K, used 4032K [0x00000000e0000000, 0x00000000e2760000, 0x00000000eaaa0000)
  eden space 32256K,   0% used [0x00000000e0000000, 0x00000000e0000000, 0x00000000e1f80000)
  from space 4032K, 100% used [0x00000000e1f80000, 0x00000000e2370000, 0x00000000e2370000)
  to   space 4032K,   0% used [0x00000000e2370000, 0x00000000e2370000, 0x00000000e2760000)
 tenured generation   total 80500K, used 76964K [0x00000000eaaa0000, 0x00000000ef93d000, 0x0000000100000000)
   the space 80500K,  95% used [0x00000000eaaa0000, 0x00000000ef5c9280, 0x00000000ef5c9400, 0x00000000ef93d000)
 Metaspace       used 83957K, capacity 86283K, committed 86548K, reserved 1124352K
  class space    used 11180K, capacity 12061K, committed 12160K, reserved 1048576K
}
Event: 22.420 GC heap before
{Heap before GC invocations=85 (full 5):
 def new generation   total 36288K, used 36288K [0x00000000e0000000, 0x00000000e2760000, 0x00000000eaaa0000)
  eden space 32256K, 100% used [0x00000000e0000000, 0x00000000e1f80000, 0x00000000e1f80000)
  from space 4032K, 100% used [0x00000000e1f80000, 0x00000000e2370000, 0x00000000e2370000)
  to   space 4032K,   0% used [0x00000000e2370000, 0x00000000e2370000, 0x00000000e2760000)
 tenured generation   total 80500K, used 76964K [0x00000000eaaa0000, 0x00000000ef93d000, 0x0000000100000000)
   the space 80500K,  95% used [0x00000000eaaa0000, 0x00000000ef5c9280, 0x00000000ef5c9400, 0x00000000ef93d000)
 Metaspace       used 85096K, capacity 87462K, committed 87700K, reserved 1124352K
  class space    used 11326K, capacity 12218K, committed 12288K, reserved 1048576K
}
Event: 22.568 GC heap after
{Heap after GC invocations=86 (full 6):
 def new generation   total 36672K, used 0K [0x00000000e0000000, 0x00000000e27c0000, 0x00000000eaaa0000)
  eden space 32640K,   0% used [0x00000000e0000000, 0x00000000e0000000, 0x00000000e1fe0000)
  from space 4032K,   0% used [0x00000000e1fe0000, 0x00000000e1fe0000, 0x00000000e23d0000)
  to   space 4032K,   0% used [0x00000000e23d0000, 0x00000000e23d0000, 0x00000000e27c0000)
 tenured generation   total 81276K, used 48765K [0x00000000eaaa0000, 0x00000000ef9ff000, 0x0000000100000000)
   the space 81276K,  59% used [0x00000000eaaa0000, 0x00000000eda3f660, 0x00000000eda3f800, 0x00000000ef9ff000)
 Metaspace       used 85096K, capacity 87462K, committed 87700K, reserved 1124352K
  class space    used 11326K, capacity 12218K, committed 12288K, reserved 1048576K
}
Event: 23.098 GC heap before
{Heap before GC invocations=86 (full 6):
 def new generation   total 36672K, used 32640K [0x00000000e0000000, 0x00000000e27c0000, 0x00000000eaaa0000)
  eden space 32640K, 100% used [0x00000000e0000000, 0x00000000e1fe0000, 0x00000000e1fe0000)
  from space 4032K,   0% used [0x00000000e1fe0000, 0x00000000e1fe0000, 0x00000000e23d0000)
  to   space 4032K,   0% used [0x00000000e23d0000, 0x00000000e23d0000, 0x00000000e27c0000)
 tenured generation   total 81276K, used 48765K [0x00000000eaaa0000, 0x00000000ef9ff000, 0x0000000100000000)
   the space 81276K,  59% used [0x00000000eaaa0000, 0x00000000eda3f660, 0x00000000eda3f800, 0x00000000ef9ff000)
 Metaspace       used 86359K, capacity 88821K, committed 88980K, reserved 1126400K
  class space    used 11518K, capacity 12455K, committed 12544K, reserved 1048576K
}
Event: 23.109 GC heap after
{Heap after GC invocations=87 (full 6):
 def new generation   total 36672K, used 1765K [0x00000000e0000000, 0x00000000e27c0000, 0x00000000eaaa0000)
  eden space 32640K,   0% used [0x00000000e0000000, 0x00000000e0000000, 0x00000000e1fe0000)
  from space 4032K,  43% used [0x00000000e23d0000, 0x00000000e2589420, 0x00000000e27c0000)
  to   space 4032K,   0% used [0x00000000e1fe0000, 0x00000000e1fe0000, 0x00000000e23d0000)
 tenured generation   total 81276K, used 48765K [0x00000000eaaa0000, 0x00000000ef9ff000, 0x0000000100000000)
   the space 81276K,  59% used [0x00000000eaaa0000, 0x00000000eda3f660, 0x00000000eda3f800, 0x00000000ef9ff000)
 Metaspace       used 86359K, capacity 88821K, committed 88980K, reserved 1126400K
  class space    used 11518K, capacity 12455K, committed 12544K, reserved 1048576K
}
Event: 23.500 GC heap before
{Heap before GC invocations=87 (full 6):
 def new generation   total 36672K, used 34405K [0x00000000e0000000, 0x00000000e27c0000, 0x00000000eaaa0000)
  eden space 32640K, 100% used [0x00000000e0000000, 0x00000000e1fe0000, 0x00000000e1fe0000)
  from space 4032K,  43% used [0x00000000e23d0000, 0x00000000e2589420, 0x00000000e27c0000)
  to   space 4032K,   0% used [0x00000000e1fe0000, 0x00000000e1fe0000, 0x00000000e23d0000)
 tenured generation   total 81276K, used 48765K [0x00000000eaaa0000, 0x00000000ef9ff000, 0x0000000100000000)
   the space 81276K,  59% used [0x00000000eaaa0000, 0x00000000eda3f660, 0x00000000eda3f800, 0x00000000ef9ff000)
 Metaspace       used 86959K, capacity 89411K, committed 89620K, reserved 1126400K
  class space    used 11595K, capacity 12563K, committed 12672K, reserved 1048576K
}
Event: 23.515 GC heap after
{Heap after GC invocations=88 (full 6):
 def new generation   total 36672K, used 3902K [0x00000000e0000000, 0x00000000e27c0000, 0x00000000eaaa0000)
  eden space 32640K,   0% used [0x00000000e0000000, 0x00000000e0000000, 0x00000000e1fe0000)
  from space 4032K,  96% used [0x00000000e1fe0000, 0x00000000e23afb90, 0x00000000e23d0000)
  to   space 4032K,   0% used [0x00000000e23d0000, 0x00000000e23d0000, 0x00000000e27c0000)
 tenured generation   total 81276K, used 48765K [0x00000000eaaa0000, 0x00000000ef9ff000, 0x0000000100000000)
   the space 81276K,  59% used [0x00000000eaaa0000, 0x00000000eda3f660, 0x00000000eda3f800, 0x00000000ef9ff000)
 Metaspace       used 86959K, capacity 89411K, committed 89620K, reserved 1126400K
  class space    used 11595K, capacity 12563K, committed 12672K, reserved 1048576K
}
Event: 24.057 GC heap before
{Heap before GC invocations=88 (full 6):
 def new generation   total 36672K, used 36542K [0x00000000e0000000, 0x00000000e27c0000, 0x00000000eaaa0000)
  eden space 32640K, 100% used [0x00000000e0000000, 0x00000000e1fe0000, 0x00000000e1fe0000)
  from space 4032K,  96% used [0x00000000e1fe0000, 0x00000000e23afb90, 0x00000000e23d0000)
  to   space 4032K,   0% used [0x00000000e23d0000, 0x00000000e23d0000, 0x00000000e27c0000)
 tenured generation   total 81276K, used 48765K [0x00000000eaaa0000, 0x00000000ef9ff000, 0x0000000100000000)
   the space 81276K,  59% used [0x00000000eaaa0000, 0x00000000eda3f660, 0x00000000eda3f800, 0x00000000ef9ff000)
 Metaspace       used 88510K, capacity 91016K, committed 91284K, reserved 1128448K
  class space    used 11816K, capacity 12777K, committed 12800K, reserved 1048576K
}
Event: 24.073 GC heap after
{Heap after GC invocations=89 (full 6):
 def new generation   total 36672K, used 1479K [0x00000000e0000000, 0x00000000e27c0000, 0x00000000eaaa0000)
  eden space 32640K,   0% used [0x00000000e0000000, 0x00000000e0000000, 0x00000000e1fe0000)
  from space 4032K,  36% used [0x00000000e23d0000, 0x00000000e2541e88, 0x00000000e27c0000)
  to   space 4032K,   0% used [0x00000000e1fe0000, 0x00000000e1fe0000, 0x00000000e23d0000)
 tenured generation   total 81276K, used 52657K [0x00000000eaaa0000, 0x00000000ef9ff000, 0x0000000100000000)
   the space 81276K,  64% used [0x00000000eaaa0000, 0x00000000ede0c4f0, 0x00000000ede0c600, 0x00000000ef9ff000)
 Metaspace       used 88510K, capacity 91016K, committed 91284K, reserved 1128448K
  class space    used 11816K, capacity 12777K, committed 12800K, reserved 1048576K
}
Event: 24.965 GC heap before
{Heap before GC invocations=89 (full 6):
 def new generation   total 36672K, used 34119K [0x00000000e0000000, 0x00000000e27c0000, 0x00000000eaaa0000)
  eden space 32640K, 100% used [0x00000000e0000000, 0x00000000e1fe0000, 0x00000000e1fe0000)
  from space 4032K,  36% used [0x00000000e23d0000, 0x00000000e2541e88, 0x00000000e27c0000)
  to   space 4032K,   0% used [0x00000000e1fe0000, 0x00000000e1fe0000, 0x00000000e23d0000)
 tenured generation   total 81276K, used 52657K [0x00000000eaaa0000, 0x00000000ef9ff000, 0x0000000100000000)
   the space 81276K,  64% used [0x00000000eaaa0000, 0x00000000ede0c4f0, 0x00000000ede0c600, 0x00000000ef9ff000)
 Metaspace       used 93150K, capacity 95746K, committed 96020K, reserved 1132544K
  class space    used 12364K, capacity 13375K, committed 13440K, reserved 1048576K
}
Event: 24.978 GC heap after
{Heap after GC invocations=90 (full 6):
 def new generation   total 36672K, used 3400K [0x00000000e0000000, 0x00000000e27c0000, 0x00000000eaaa0000)
  eden space 32640K,   0% used [0x00000000e0000000, 0x00000000e0000000, 0x00000000e1fe0000)
  from space 4032K,  84% used [0x00000000e1fe0000, 0x00000000e23320f8, 0x00000000e23d0000)
  to   space 4032K,   0% used [0x00000000e23d0000, 0x00000000e23d0000, 0x00000000e27c0000)
 tenured generation   total 81276K, used 52657K [0x00000000eaaa0000, 0x00000000ef9ff000, 0x0000000100000000)
   the space 81276K,  64% used [0x00000000eaaa0000, 0x00000000ede0c4f0, 0x00000000ede0c600, 0x00000000ef9ff000)
 Metaspace       used 93150K, capacity 95746K, committed 96020K, reserved 1132544K
  class space    used 12364K, capacity 13375K, committed 13440K, reserved 1048576K
}
Event: 30.538 GC heap before
{Heap before GC invocations=90 (full 6):
 def new generation   total 36672K, used 36040K [0x00000000e0000000, 0x00000000e27c0000, 0x00000000eaaa0000)
  eden space 32640K, 100% used [0x00000000e0000000, 0x00000000e1fe0000, 0x00000000e1fe0000)
  from space 4032K,  84% used [0x00000000e1fe0000, 0x00000000e23320f8, 0x00000000e23d0000)
  to   space 4032K,   0% used [0x00000000e23d0000, 0x00000000e23d0000, 0x00000000e27c0000)
 tenured generation   total 81276K, used 52657K [0x00000000eaaa0000, 0x00000000ef9ff000, 0x0000000100000000)
   the space 81276K,  64% used [0x00000000eaaa0000, 0x00000000ede0c4f0, 0x00000000ede0c600, 0x00000000ef9ff000)
 Metaspace       used 96789K, capacity 99549K, committed 99732K, reserved 1134592K
  class space    used 12901K, capacity 13961K, committed 14080K, reserved 1048576K
}
Event: 30.560 GC heap after
{Heap after GC invocations=91 (full 6):
 def new generation   total 36672K, used 3146K [0x00000000e0000000, 0x00000000e27c0000, 0x00000000eaaa0000)
  eden space 32640K,   0% used [0x00000000e0000000, 0x00000000e0000000, 0x00000000e1fe0000)
  from space 4032K,  78% used [0x00000000e23d0000, 0x00000000e26e2910, 0x00000000e27c0000)
  to   space 4032K,   0% used [0x00000000e1fe0000, 0x00000000e1fe0000, 0x00000000e23d0000)
 tenured generation   total 81276K, used 53806K [0x00000000eaaa0000, 0x00000000ef9ff000, 0x0000000100000000)
   the space 81276K,  66% used [0x00000000eaaa0000, 0x00000000edf2ba30, 0x00000000edf2bc00, 0x00000000ef9ff000)
 Metaspace       used 96789K, capacity 99549K, committed 99732K, reserved 1134592K
  class space    used 12901K, capacity 13961K, committed 14080K, reserved 1048576K
}

