# JRE version: OpenJDK Runtime Environment 18.9 (11.0.12+7) (build 11.0.12+7-LTS)
# Java VM: OpenJDK 64-Bit Server VM 18.9 (11.0.12+7-LTS, mixed mode, sharing, tiered, compressed oops, serial gc, linux-amd64)
Heap:
 def new generation   total 19648K, used 14448K [0x00000000fc000000, 0x00000000fd550000, 0x00000000fd550000)
  eden space 17472K,  70% used [0x00000000fc000000, 0x00000000fcc0d9e8, 0x00000000fd110000)
  from space 2176K,  96% used [0x00000000fd110000, 0x00000000fd31e950, 0x00000000fd330000)
  to   space 2176K,   0% used [0x00000000fd330000, 0x00000000fd330000, 0x00000000fd550000)
 tenured generation   total 43712K, used 6724K [0x00000000fd550000, 0x0000000100000000, 0x0000000100000000)
   the space 43712K,  15% used [0x00000000fd550000, 0x00000000fdbe1180, 0x00000000fdbe1200, 0x0000000100000000)
 Metaspace       used 8308K, capacity 9432K, committed 9728K, reserved 1058816K
  class space    used 1120K, capacity 1275K, committed 1280K, reserved 1048576K
GC Heap History (4 events):
Event: 0.882 GC heap before
{Heap before GC invocations=0 (full 0):
 def new generation   total 19648K, used 17472K [0x00000000fc000000, 0x00000000fd550000, 0x00000000fd550000)
  eden space 17472K, 100% used [0x00000000fc000000, 0x00000000fd110000, 0x00000000fd110000)
  from space 2176K,   0% used [0x00000000fd110000, 0x00000000fd110000, 0x00000000fd330000)
  to   space 2176K,   0% used [0x00000000fd330000, 0x00000000fd330000, 0x00000000fd550000)
 tenured generation   total 43712K, used 0K [0x00000000fd550000, 0x0000000100000000, 0x0000000100000000)
   the space 43712K,   0% used [0x00000000fd550000, 0x00000000fd550000, 0x00000000fd550200, 0x0000000100000000)
 Metaspace       used 2022K, capacity 5144K, committed 5504K, reserved 1056768K
  class space    used 204K, capacity 522K, committed 640K, reserved 1048576K
}
Event: 0.891 GC heap after
{Heap after GC invocations=1 (full 0):
 def new generation   total 19648K, used 2175K [0x00000000fc000000, 0x00000000fd550000, 0x00000000fd550000)
  eden space 17472K,   0% used [0x00000000fc000000, 0x00000000fc000000, 0x00000000fd110000)
  from space 2176K,  99% used [0x00000000fd330000, 0x00000000fd54fff8, 0x00000000fd550000)
  to   space 2176K,   0% used [0x00000000fd110000, 0x00000000fd110000, 0x00000000fd330000)
 tenured generation   total 43712K, used 1812K [0x00000000fd550000, 0x0000000100000000, 0x0000000100000000)
   the space 43712K,   4% used [0x00000000fd550000, 0x00000000fd7151a0, 0x00000000fd715200, 0x0000000100000000)
 Metaspace       used 2022K, capacity 5144K, committed 5504K, reserved 1056768K
  class space    used 204K, capacity 522K, committed 640K, reserved 1048576K
}
Event: 1.548 GC heap before
{Heap before GC invocations=1 (full 0):
 def new generation   total 19648K, used 19647K [0x00000000fc000000, 0x00000000fd550000, 0x00000000fd550000)
  eden space 17472K, 100% used [0x00000000fc000000, 0x00000000fd110000, 0x00000000fd110000)
  from space 2176K,  99% used [0x00000000fd330000, 0x00000000fd54fff8, 0x00000000fd550000)
  to   space 2176K,   0% used [0x00000000fd110000, 0x00000000fd110000, 0x00000000fd330000)
 tenured generation   total 43712K, used 1812K [0x00000000fd550000, 0x0000000100000000, 0x0000000100000000)
   the space 43712K,   4% used [0x00000000fd550000, 0x00000000fd7151a0, 0x00000000fd715200, 0x0000000100000000)
 Metaspace       used 5008K, capacity 7285K, committed 7680K, reserved 1056768K
  class space    used 688K, capacity 921K, committed 1024K, reserved 1048576K
}
Event: 1.557 GC heap after
{Heap after GC invocations=2 (full 0):
 def new generation   total 19648K, used 2106K [0x00000000fc000000, 0x00000000fd550000, 0x00000000fd550000)
  eden space 17472K,   0% used [0x00000000fc000000, 0x00000000fc000000, 0x00000000fd110000)
  from space 2176K,  96% used [0x00000000fd110000, 0x00000000fd31e950, 0x00000000fd330000)
  to   space 2176K,   0% used [0x00000000fd330000, 0x00000000fd330000, 0x00000000fd550000)
 tenured generation   total 43712K, used 6724K [0x00000000fd550000, 0x0000000100000000, 0x0000000100000000)
   the space 43712K,  15% used [0x00000000fd550000, 0x00000000fdbe1180, 0x00000000fdbe1200, 0x0000000100000000)
 Metaspace       used 5008K, capacity 7285K, committed 7680K, reserved 1056768K
  class space    used 688K, capacity 921K, committed 1024K, reserved 1048576K
}

